Using pre-set license
Built from '2020.3/staging' branch; Version is '2020.3.3f1 (76626098c1c4) revision 7758432'; Using compiler version '192528614'; Build Type 'Release'
OS: 'Windows 10 Home; OS build 19042.1052; Version 2009; 64bit' Language: 'en' Physical Memory: 32530 MB
BatchMode: 1, IsHumanControllingUs: 0, StartBugReporterOnCrash: 0, Is64bit: 1, IsPro: 0

 COMMAND LINE ARGUMENTS:
C:\Program Files\Unity\Editor\Unity.exe
-adb2
-batchMode
-noUpm
-name
AssetImportWorker0
-projectPath
C:/Users/devAndVR/dev/Unity/SenseGloveCalibrationForTests_backupwiththeta3
-logFile
Logs/AssetImportWorker0.log
-srvPort
55758
Successfully changed project path to: C:/Users/devAndVR/dev/Unity/SenseGloveCalibrationForTests_backupwiththeta3
C:/Users/devAndVR/dev/Unity/SenseGloveCalibrationForTests_backupwiththeta3
Using Asset Import Pipeline V2.
Refreshing native plugins compatible for Editor in 40.65 ms, found 4 plugins.
Preloading 0 native plugins for Editor in 0.00 ms.
Initialize engine version: 2020.3.3f1 (76626098c1c4)
[Subsystems] Discovering subsystems at path C:/Program Files/Unity/Editor/Data/Resources/UnitySubsystems
[Subsystems] Discovering subsystems at path C:/Users/devAndVR/dev/Unity/SenseGloveCalibrationForTests_backupwiththeta3/Assets
GfxDevice: creating device client; threaded=0
Direct3D:
    Version:  Direct3D 11.0 [level 11.1]
    Renderer: NVIDIA GeForce RTX 3080 Laptop GPU (ID=0x24dc)
    Vendor:   
    VRAM:     8041 MB
    Driver:   27.21.14.6642
Initialize mono
Mono path[0] = 'C:/Program Files/Unity/Editor/Data/Managed'
Mono path[1] = 'C:/Program Files/Unity/Editor/Data/MonoBleedingEdge/lib/mono/unityjit'
Mono config path = 'C:/Program Files/Unity/Editor/Data/MonoBleedingEdge/etc'
Using monoOptions --debugger-agent=transport=dt_socket,embedding=1,server=y,suspend=n,address=127.0.0.1:56012
Begin MonoManager ReloadAssembly
Registering precompiled unity dll's ...
Register platform support module: C:/Program Files/Unity/Editor/Data/PlaybackEngines/WindowsStandaloneSupport/UnityEditor.WindowsStandalone.Extensions.dll
Registered in 0.001987 seconds.
Native extension for WindowsStandalone target not found
Refreshing native plugins compatible for Editor in 38.37 ms, found 4 plugins.
Preloading 0 native plugins for Editor in 0.00 ms.
Invoked RoslynAnalysisRunner static constructor.
RoslynAnalysisRunner will not be running.
RoslynAnalysisRunner has terminated.
Mono: successfully reloaded assembly
- Completed reload, in  0.976 seconds
Platform modules already initialized, skipping
Registering precompiled user dll's ...
Registered in 0.003678 seconds.
Begin MonoManager ReloadAssembly
Native extension for WindowsStandalone target not found
Refreshing native plugins compatible for Editor in 0.45 ms, found 4 plugins.
Preloading 0 native plugins for Editor in 0.00 ms.
Invoked RoslynAnalysisRunner static constructor.
RoslynAnalysisRunner will not be running.
RoslynAnalysisRunner has terminated.
Mono: successfully reloaded assembly
- Completed reload, in  1.026 seconds
Platform modules already initialized, skipping
========================================================================
Worker process is ready to serve import requests
Launched and connected shader compiler UnityShaderCompiler.exe after 0.05 seconds
Refreshing native plugins compatible for Editor in 0.70 ms, found 4 plugins.
Preloading 0 native plugins for Editor in 0.00 ms.
Unloading 1744 Unused Serialized files (Serialized files now loaded: 0)
System memory in use before: 81.9 MB.
System memory in use after: 82.0 MB.

Unloading 19 unused Assets to reduce memory usage. Loaded Objects now: 2187.
Total: 2.928400 ms (FindLiveObjects: 0.237000 ms CreateObjectMapping: 0.136500 ms MarkObjects: 2.433800 ms  DeleteObjects: 0.119600 ms)

========================================================================
Received Import Request.
  path: Assets/RightControllerScript.cs
  artifactKey: Guid(a31b04ed4ec3b01419739f207d5f5c40) Importer(815301076,1909f56bfc062723c751e8b465ee728b)
Start importing Assets/RightControllerScript.cs using Guid(a31b04ed4ec3b01419739f207d5f5c40) Importer(815301076,1909f56bfc062723c751e8b465ee728b)  -> (artifact id: 'c1c76e988dc2174d5c77431111a67b98') in 0.037244 seconds
  Import took 0.040576 seconds .

========================================================================
Received Prepare
Registering precompiled user dll's ...
Registered in 0.003003 seconds.
Begin MonoManager ReloadAssembly
Native extension for WindowsStandalone target not found
Refreshing native plugins compatible for Editor in 0.45 ms, found 4 plugins.
Preloading 0 native plugins for Editor in 0.00 ms.
Invoked RoslynAnalysisRunner static constructor.
RoslynAnalysisRunner will not be running.
RoslynAnalysisRunner has terminated.
Mono: successfully reloaded assembly
- Completed reload, in  0.769 seconds
Platform modules already initialized, skipping
Refreshing native plugins compatible for Editor in 0.43 ms, found 4 plugins.
Preloading 0 native plugins for Editor in 0.00 ms.
Unloading 1717 Unused Serialized files (Serialized files now loaded: 0)
System memory in use before: 80.3 MB.
System memory in use after: 80.4 MB.

Unloading 14 unused Assets to reduce memory usage. Loaded Objects now: 2191.
Total: 2.084700 ms (FindLiveObjects: 0.192300 ms CreateObjectMapping: 0.085000 ms MarkObjects: 1.757700 ms  DeleteObjects: 0.048600 ms)

========================================================================
Received Prepare
Registering precompiled user dll's ...
Registered in 0.003044 seconds.
Begin MonoManager ReloadAssembly
Native extension for WindowsStandalone target not found
Refreshing native plugins compatible for Editor in 0.46 ms, found 4 plugins.
Preloading 0 native plugins for Editor in 0.00 ms.
Invoked RoslynAnalysisRunner static constructor.
RoslynAnalysisRunner will not be running.
RoslynAnalysisRunner has terminated.
Mono: successfully reloaded assembly
- Completed reload, in  0.735 seconds
Platform modules already initialized, skipping
Refreshing native plugins compatible for Editor in 0.42 ms, found 4 plugins.
Preloading 0 native plugins for Editor in 0.00 ms.
Unloading 1717 Unused Serialized files (Serialized files now loaded: 0)
System memory in use before: 80.2 MB.
System memory in use after: 80.3 MB.

Unloading 14 unused Assets to reduce memory usage. Loaded Objects now: 2195.
Total: 2.051300 ms (FindLiveObjects: 0.440800 ms CreateObjectMapping: 0.138000 ms MarkObjects: 1.396200 ms  DeleteObjects: 0.075300 ms)

========================================================================
Received Prepare
Registering precompiled user dll's ...
Registered in 0.003453 seconds.
Begin MonoManager ReloadAssembly
Native extension for WindowsStandalone target not found
Refreshing native plugins compatible for Editor in 0.50 ms, found 4 plugins.
Preloading 0 native plugins for Editor in 0.00 ms.
Invoked RoslynAnalysisRunner static constructor.
RoslynAnalysisRunner will not be running.
RoslynAnalysisRunner has terminated.
Mono: successfully reloaded assembly
- Completed reload, in  0.757 seconds
Platform modules already initialized, skipping
Refreshing native plugins compatible for Editor in 0.47 ms, found 4 plugins.
Preloading 0 native plugins for Editor in 0.00 ms.
Unloading 1717 Unused Serialized files (Serialized files now loaded: 0)
System memory in use before: 80.4 MB.
System memory in use after: 80.4 MB.

Unloading 14 unused Assets to reduce memory usage. Loaded Objects now: 2199.
Total: 1.678400 ms (FindLiveObjects: 0.253400 ms CreateObjectMapping: 0.109900 ms MarkObjects: 1.264600 ms  DeleteObjects: 0.049400 ms)

========================================================================
Received Prepare
Registering precompiled user dll's ...
Registered in 0.003153 seconds.
Begin MonoManager ReloadAssembly
Native extension for WindowsStandalone target not found
Refreshing native plugins compatible for Editor in 0.43 ms, found 4 plugins.
Preloading 0 native plugins for Editor in 0.00 ms.
Invoked RoslynAnalysisRunner static constructor.
RoslynAnalysisRunner will not be running.
RoslynAnalysisRunner has terminated.
Mono: successfully reloaded assembly
- Completed reload, in  0.753 seconds
Platform modules already initialized, skipping
Refreshing native plugins compatible for Editor in 0.42 ms, found 4 plugins.
Preloading 0 native plugins for Editor in 0.00 ms.
Unloading 1717 Unused Serialized files (Serialized files now loaded: 0)
System memory in use before: 80.2 MB.
System memory in use after: 80.3 MB.

Unloading 14 unused Assets to reduce memory usage. Loaded Objects now: 2203.
Total: 2.777000 ms (FindLiveObjects: 0.301800 ms CreateObjectMapping: 0.092400 ms MarkObjects: 2.335700 ms  DeleteObjects: 0.046200 ms)

========================================================================
Received Prepare
Registering precompiled user dll's ...
Registered in 0.003323 seconds.
Begin MonoManager ReloadAssembly
Native extension for WindowsStandalone target not found
Refreshing native plugins compatible for Editor in 0.40 ms, found 4 plugins.
Preloading 0 native plugins for Editor in 0.00 ms.
Invoked RoslynAnalysisRunner static constructor.
RoslynAnalysisRunner will not be running.
RoslynAnalysisRunner has terminated.
Mono: successfully reloaded assembly
- Completed reload, in  0.762 seconds
Platform modules already initialized, skipping
Refreshing native plugins compatible for Editor in 0.42 ms, found 4 plugins.
Preloading 0 native plugins for Editor in 0.00 ms.
Unloading 1717 Unused Serialized files (Serialized files now loaded: 0)
System memory in use before: 80.4 MB.
System memory in use after: 80.5 MB.

Unloading 14 unused Assets to reduce memory usage. Loaded Objects now: 2207.
Total: 1.844000 ms (FindLiveObjects: 0.292600 ms CreateObjectMapping: 0.096700 ms MarkObjects: 1.398800 ms  DeleteObjects: 0.054300 ms)

========================================================================
Received Prepare
Registering precompiled user dll's ...
Registered in 0.003860 seconds.
Begin MonoManager ReloadAssembly
Native extension for WindowsStandalone target not found
Refreshing native plugins compatible for Editor in 0.40 ms, found 4 plugins.
Preloading 0 native plugins for Editor in 0.00 ms.
Invoked RoslynAnalysisRunner static constructor.
RoslynAnalysisRunner will not be running.
RoslynAnalysisRunner has terminated.
Mono: successfully reloaded assembly
- Completed reload, in  0.757 seconds
Platform modules already initialized, skipping
Refreshing native plugins compatible for Editor in 0.49 ms, found 4 plugins.
Preloading 0 native plugins for Editor in 0.00 ms.
Unloading 1717 Unused Serialized files (Serialized files now loaded: 0)
System memory in use before: 80.2 MB.
System memory in use after: 80.3 MB.

Unloading 14 unused Assets to reduce memory usage. Loaded Objects now: 2211.
Total: 2.061900 ms (FindLiveObjects: 0.297000 ms CreateObjectMapping: 0.104800 ms MarkObjects: 1.580600 ms  DeleteObjects: 0.078500 ms)

========================================================================
Received Prepare
Registering precompiled user dll's ...
Registered in 0.003392 seconds.
Begin MonoManager ReloadAssembly
Native extension for WindowsStandalone target not found
Refreshing native plugins compatible for Editor in 0.48 ms, found 4 plugins.
Preloading 0 native plugins for Editor in 0.00 ms.
Invoked RoslynAnalysisRunner static constructor.
RoslynAnalysisRunner will not be running.
RoslynAnalysisRunner has terminated.
Mono: successfully reloaded assembly
- Completed reload, in  0.861 seconds
Platform modules already initialized, skipping
Refreshing native plugins compatible for Editor in 0.45 ms, found 4 plugins.
Preloading 0 native plugins for Editor in 0.00 ms.
Unloading 1717 Unused Serialized files (Serialized files now loaded: 0)
System memory in use before: 80.4 MB.
System memory in use after: 80.5 MB.

Unloading 14 unused Assets to reduce memory usage. Loaded Objects now: 2215.
Total: 1.893400 ms (FindLiveObjects: 0.230700 ms CreateObjectMapping: 0.064400 ms MarkObjects: 1.531900 ms  DeleteObjects: 0.064900 ms)

========================================================================
Received Prepare
Registering precompiled user dll's ...
Registered in 0.004957 seconds.
Begin MonoManager ReloadAssembly
Native extension for WindowsStandalone target not found
Refreshing native plugins compatible for Editor in 0.51 ms, found 4 plugins.
Preloading 0 native plugins for Editor in 0.00 ms.
Invoked RoslynAnalysisRunner static constructor.
RoslynAnalysisRunner will not be running.
RoslynAnalysisRunner has terminated.
Mono: successfully reloaded assembly
- Completed reload, in  1.056 seconds
Platform modules already initialized, skipping
Refreshing native plugins compatible for Editor in 0.51 ms, found 4 plugins.
Preloading 0 native plugins for Editor in 0.00 ms.
Unloading 1717 Unused Serialized files (Serialized files now loaded: 0)
System memory in use before: 80.4 MB.
System memory in use after: 80.5 MB.

Unloading 14 unused Assets to reduce memory usage. Loaded Objects now: 2219.
Total: 2.215500 ms (FindLiveObjects: 0.318000 ms CreateObjectMapping: 0.138400 ms MarkObjects: 1.651200 ms  DeleteObjects: 0.106200 ms)

========================================================================
Received Prepare
Registering precompiled user dll's ...
Registered in 0.004461 seconds.
Begin MonoManager ReloadAssembly
Native extension for WindowsStandalone target not found
Refreshing native plugins compatible for Editor in 0.65 ms, found 4 plugins.
Preloading 0 native plugins for Editor in 0.00 ms.
Invoked RoslynAnalysisRunner static constructor.
RoslynAnalysisRunner will not be running.
RoslynAnalysisRunner has terminated.
Mono: successfully reloaded assembly
- Completed reload, in  1.118 seconds
Platform modules already initialized, skipping
Refreshing native plugins compatible for Editor in 0.52 ms, found 4 plugins.
Preloading 0 native plugins for Editor in 0.00 ms.
Unloading 1717 Unused Serialized files (Serialized files now loaded: 0)
System memory in use before: 80.4 MB.
System memory in use after: 80.4 MB.

Unloading 14 unused Assets to reduce memory usage. Loaded Objects now: 2223.
Total: 2.331400 ms (FindLiveObjects: 0.331300 ms CreateObjectMapping: 0.120700 ms MarkObjects: 1.821100 ms  DeleteObjects: 0.057000 ms)

========================================================================
Received Prepare
Registering precompiled user dll's ...
Registered in 0.004431 seconds.
Begin MonoManager ReloadAssembly
Native extension for WindowsStandalone target not found
Refreshing native plugins compatible for Editor in 0.53 ms, found 4 plugins.
Preloading 0 native plugins for Editor in 0.00 ms.
Invoked RoslynAnalysisRunner static constructor.
RoslynAnalysisRunner will not be running.
RoslynAnalysisRunner has terminated.
Mono: successfully reloaded assembly
- Completed reload, in  0.995 seconds
Platform modules already initialized, skipping
Refreshing native plugins compatible for Editor in 0.48 ms, found 4 plugins.
Preloading 0 native plugins for Editor in 0.00 ms.
Unloading 1717 Unused Serialized files (Serialized files now loaded: 0)
System memory in use before: 80.5 MB.
System memory in use after: 80.6 MB.

Unloading 14 unused Assets to reduce memory usage. Loaded Objects now: 2227.
Total: 2.171800 ms (FindLiveObjects: 0.244100 ms CreateObjectMapping: 0.075700 ms MarkObjects: 1.775300 ms  DeleteObjects: 0.075100 ms)

========================================================================
Received Prepare
Registering precompiled user dll's ...
Registered in 0.004011 seconds.
Begin MonoManager ReloadAssembly
Native extension for WindowsStandalone target not found
Refreshing native plugins compatible for Editor in 0.52 ms, found 4 plugins.
Preloading 0 native plugins for Editor in 0.00 ms.
Invoked RoslynAnalysisRunner static constructor.
RoslynAnalysisRunner will not be running.
RoslynAnalysisRunner has terminated.
Mono: successfully reloaded assembly
- Completed reload, in  0.988 seconds
Platform modules already initialized, skipping
Refreshing native plugins compatible for Editor in 0.56 ms, found 4 plugins.
Preloading 0 native plugins for Editor in 0.00 ms.
Unloading 1717 Unused Serialized files (Serialized files now loaded: 0)
System memory in use before: 80.5 MB.
System memory in use after: 80.6 MB.

Unloading 14 unused Assets to reduce memory usage. Loaded Objects now: 2231.
Total: 2.281200 ms (FindLiveObjects: 0.331700 ms CreateObjectMapping: 0.132400 ms MarkObjects: 1.751800 ms  DeleteObjects: 0.063500 ms)

========================================================================
Received Prepare
Registering precompiled user dll's ...
Registered in 0.005644 seconds.
Begin MonoManager ReloadAssembly
Native extension for WindowsStandalone target not found
Refreshing native plugins compatible for Editor in 0.56 ms, found 4 plugins.
Preloading 0 native plugins for Editor in 0.00 ms.
Invoked RoslynAnalysisRunner static constructor.
RoslynAnalysisRunner will not be running.
RoslynAnalysisRunner has terminated.
Mono: successfully reloaded assembly
- Completed reload, in  1.105 seconds
Platform modules already initialized, skipping
Refreshing native plugins compatible for Editor in 0.51 ms, found 4 plugins.
Preloading 0 native plugins for Editor in 0.00 ms.
Unloading 1717 Unused Serialized files (Serialized files now loaded: 0)
System memory in use before: 80.5 MB.
System memory in use after: 80.6 MB.

Unloading 14 unused Assets to reduce memory usage. Loaded Objects now: 2235.
Total: 3.267500 ms (FindLiveObjects: 0.407300 ms CreateObjectMapping: 0.147600 ms MarkObjects: 2.641500 ms  DeleteObjects: 0.069500 ms)

========================================================================
Received Prepare
Registering precompiled user dll's ...
Registered in 0.003630 seconds.
Begin MonoManager ReloadAssembly
Native extension for WindowsStandalone target not found
Refreshing native plugins compatible for Editor in 0.52 ms, found 4 plugins.
Preloading 0 native plugins for Editor in 0.00 ms.
Invoked RoslynAnalysisRunner static constructor.
RoslynAnalysisRunner will not be running.
RoslynAnalysisRunner has terminated.
Mono: successfully reloaded assembly
- Completed reload, in  1.001 seconds
Platform modules already initialized, skipping
Refreshing native plugins compatible for Editor in 0.48 ms, found 4 plugins.
Preloading 0 native plugins for Editor in 0.00 ms.
Unloading 1717 Unused Serialized files (Serialized files now loaded: 0)
System memory in use before: 80.2 MB.
System memory in use after: 80.3 MB.

Unloading 14 unused Assets to reduce memory usage. Loaded Objects now: 2239.
Total: 2.248900 ms (FindLiveObjects: 0.207900 ms CreateObjectMapping: 0.072700 ms MarkObjects: 1.904600 ms  DeleteObjects: 0.062100 ms)

========================================================================
Received Prepare
Registering precompiled user dll's ...
Registered in 0.003925 seconds.
Begin MonoManager ReloadAssembly
Native extension for WindowsStandalone target not found
Refreshing native plugins compatible for Editor in 0.50 ms, found 4 plugins.
Preloading 0 native plugins for Editor in 0.00 ms.
Invoked RoslynAnalysisRunner static constructor.
RoslynAnalysisRunner will not be running.
RoslynAnalysisRunner has terminated.
Mono: successfully reloaded assembly
- Completed reload, in  1.026 seconds
Platform modules already initialized, skipping
Refreshing native plugins compatible for Editor in 0.48 ms, found 4 plugins.
Preloading 0 native plugins for Editor in 0.00 ms.
Unloading 1717 Unused Serialized files (Serialized files now loaded: 0)
System memory in use before: 80.7 MB.
System memory in use after: 80.7 MB.

Unloading 14 unused Assets to reduce memory usage. Loaded Objects now: 2243.
Total: 2.957800 ms (FindLiveObjects: 0.425900 ms CreateObjectMapping: 0.167000 ms MarkObjects: 2.291200 ms  DeleteObjects: 0.071700 ms)

========================================================================
Received Prepare
Registering precompiled user dll's ...
Registered in 0.004393 seconds.
Begin MonoManager ReloadAssembly
Native extension for WindowsStandalone target not found
Refreshing native plugins compatible for Editor in 0.49 ms, found 4 plugins.
Preloading 0 native plugins for Editor in 0.00 ms.
Invoked RoslynAnalysisRunner static constructor.
RoslynAnalysisRunner will not be running.
RoslynAnalysisRunner has terminated.
Mono: successfully reloaded assembly
- Completed reload, in  1.036 seconds
Platform modules already initialized, skipping
Refreshing native plugins compatible for Editor in 0.51 ms, found 4 plugins.
Preloading 0 native plugins for Editor in 0.00 ms.
Unloading 1717 Unused Serialized files (Serialized files now loaded: 0)
System memory in use before: 80.5 MB.
System memory in use after: 80.6 MB.

Unloading 14 unused Assets to reduce memory usage. Loaded Objects now: 2247.
Total: 2.310800 ms (FindLiveObjects: 0.211500 ms CreateObjectMapping: 0.096600 ms MarkObjects: 1.935000 ms  DeleteObjects: 0.066000 ms)

========================================================================
Received Prepare
Registering precompiled user dll's ...
Registered in 0.004712 seconds.
Begin MonoManager ReloadAssembly
Native extension for WindowsStandalone target not found
Refreshing native plugins compatible for Editor in 0.48 ms, found 4 plugins.
Preloading 0 native plugins for Editor in 0.00 ms.
Invoked RoslynAnalysisRunner static constructor.
RoslynAnalysisRunner will not be running.
RoslynAnalysisRunner has terminated.
Mono: successfully reloaded assembly
- Completed reload, in  1.008 seconds
Platform modules already initialized, skipping
Refreshing native plugins compatible for Editor in 0.56 ms, found 4 plugins.
Preloading 0 native plugins for Editor in 0.00 ms.
Unloading 1717 Unused Serialized files (Serialized files now loaded: 0)
System memory in use before: 80.7 MB.
System memory in use after: 80.8 MB.

Unloading 14 unused Assets to reduce memory usage. Loaded Objects now: 2251.
Total: 3.591800 ms (FindLiveObjects: 0.407100 ms CreateObjectMapping: 0.124500 ms MarkObjects: 2.984900 ms  DeleteObjects: 0.073000 ms)

========================================================================
Received Import Request.
  Time since last request: 5059.468161 seconds.
  path: Assets/SenseGlove/Scripts/Tracking/SG_StopFingers.cs
  artifactKey: Guid(59a1d7de554e9bd4dbe7a181244cf84a) Importer(815301076,1909f56bfc062723c751e8b465ee728b)
Start importing Assets/SenseGlove/Scripts/Tracking/SG_StopFingers.cs using Guid(59a1d7de554e9bd4dbe7a181244cf84a) Importer(815301076,1909f56bfc062723c751e8b465ee728b)  -> (artifact id: '39b3fc16302ad5d640db4ac2abb61251') in 0.018162 seconds
  Import took 0.023028 seconds .

========================================================================
Received Prepare
Registering precompiled user dll's ...
Registered in 0.006345 seconds.
Begin MonoManager ReloadAssembly
Native extension for WindowsStandalone target not found
Refreshing native plugins compatible for Editor in 1.07 ms, found 4 plugins.
Preloading 0 native plugins for Editor in 0.00 ms.
Invoked RoslynAnalysisRunner static constructor.
RoslynAnalysisRunner will not be running.
RoslynAnalysisRunner has terminated.
Mono: successfully reloaded assembly
- Completed reload, in  1.323 seconds
Platform modules already initialized, skipping
Refreshing native plugins compatible for Editor in 0.60 ms, found 4 plugins.
Preloading 0 native plugins for Editor in 0.00 ms.
Unloading 1717 Unused Serialized files (Serialized files now loaded: 0)
System memory in use before: 80.6 MB.
System memory in use after: 80.6 MB.

Unloading 14 unused Assets to reduce memory usage. Loaded Objects now: 2255.
Total: 2.505300 ms (FindLiveObjects: 0.372900 ms CreateObjectMapping: 0.158600 ms MarkObjects: 1.903200 ms  DeleteObjects: 0.068500 ms)

========================================================================
Received Import Request.
  Time since last request: 122.216845 seconds.
  path: Assets/SenseGlove/Scripts/Tracking/SG_StopFingers.cs
  artifactKey: Guid(59a1d7de554e9bd4dbe7a181244cf84a) Importer(815301076,1909f56bfc062723c751e8b465ee728b)
Start importing Assets/SenseGlove/Scripts/Tracking/SG_StopFingers.cs using Guid(59a1d7de554e9bd4dbe7a181244cf84a) Importer(815301076,1909f56bfc062723c751e8b465ee728b)  -> (artifact id: '162b88c5eafebad94506c27332cccf8c') in 0.008688 seconds
  Import took 0.012915 seconds .

========================================================================
Received Import Request.
  Time since last request: 0.554141 seconds.
  path: Assets/SenseGlove/Scripts/Tracking/SG_StopFingers.cs
  artifactKey: Guid(59a1d7de554e9bd4dbe7a181244cf84a) Importer(815301076,1909f56bfc062723c751e8b465ee728b)
Start importing Assets/SenseGlove/Scripts/Tracking/SG_StopFingers.cs using Guid(59a1d7de554e9bd4dbe7a181244cf84a) Importer(815301076,1909f56bfc062723c751e8b465ee728b)  -> (artifact id: '162b88c5eafebad94506c27332cccf8c') in 0.002416 seconds
  Import took 0.006244 seconds .

========================================================================
Received Prepare
Registering precompiled user dll's ...
Registered in 0.005008 seconds.
Begin MonoManager ReloadAssembly
Native extension for WindowsStandalone target not found
Refreshing native plugins compatible for Editor in 0.57 ms, found 4 plugins.
Preloading 0 native plugins for Editor in 0.00 ms.
Invoked RoslynAnalysisRunner static constructor.
RoslynAnalysisRunner will not be running.
RoslynAnalysisRunner has terminated.
Mono: successfully reloaded assembly
- Completed reload, in  1.167 seconds
Platform modules already initialized, skipping
Refreshing native plugins compatible for Editor in 0.55 ms, found 4 plugins.
Preloading 0 native plugins for Editor in 0.00 ms.
Unloading 1717 Unused Serialized files (Serialized files now loaded: 0)
System memory in use before: 80.7 MB.
System memory in use after: 80.8 MB.

Unloading 14 unused Assets to reduce memory usage. Loaded Objects now: 2259.
Total: 2.182300 ms (FindLiveObjects: 0.220100 ms CreateObjectMapping: 0.078700 ms MarkObjects: 1.826000 ms  DeleteObjects: 0.055500 ms)

========================================================================
Received Prepare
Registering precompiled user dll's ...
Registered in 0.005645 seconds.
Begin MonoManager ReloadAssembly
Native extension for WindowsStandalone target not found
Refreshing native plugins compatible for Editor in 0.84 ms, found 4 plugins.
Preloading 0 native plugins for Editor in 0.00 ms.
Invoked RoslynAnalysisRunner static constructor.
RoslynAnalysisRunner will not be running.
RoslynAnalysisRunner has terminated.
Mono: successfully reloaded assembly
- Completed reload, in  1.022 seconds
Platform modules already initialized, skipping
Refreshing native plugins compatible for Editor in 0.53 ms, found 4 plugins.
Preloading 0 native plugins for Editor in 0.00 ms.
Unloading 1717 Unused Serialized files (Serialized files now loaded: 0)
System memory in use before: 80.6 MB.
System memory in use after: 80.7 MB.

Unloading 14 unused Assets to reduce memory usage. Loaded Objects now: 2263.
Total: 2.051500 ms (FindLiveObjects: 0.300000 ms CreateObjectMapping: 0.098200 ms MarkObjects: 1.589400 ms  DeleteObjects: 0.062300 ms)

========================================================================
Received Import Request.
  Time since last request: 124.522167 seconds.
  path: Assets/SenseGlove/Scripts/Tracking/SG_StopFingers.cs
  artifactKey: Guid(59a1d7de554e9bd4dbe7a181244cf84a) Importer(815301076,1909f56bfc062723c751e8b465ee728b)
Start importing Assets/SenseGlove/Scripts/Tracking/SG_StopFingers.cs using Guid(59a1d7de554e9bd4dbe7a181244cf84a) Importer(815301076,1909f56bfc062723c751e8b465ee728b)  -> (artifact id: 'a216604cc224ae08b2c0f5aa4ffdfee4') in 0.007781 seconds
  Import took 0.011211 seconds .

========================================================================
Received Import Request.
  Time since last request: 0.435571 seconds.
  path: Assets/SenseGlove/Scripts/Tracking/SG_StopFingers.cs
  artifactKey: Guid(59a1d7de554e9bd4dbe7a181244cf84a) Importer(815301076,1909f56bfc062723c751e8b465ee728b)
Start importing Assets/SenseGlove/Scripts/Tracking/SG_StopFingers.cs using Guid(59a1d7de554e9bd4dbe7a181244cf84a) Importer(815301076,1909f56bfc062723c751e8b465ee728b)  -> (artifact id: 'a216604cc224ae08b2c0f5aa4ffdfee4') in 0.002321 seconds
  Import took 0.005635 seconds .

========================================================================
Received Prepare
Registering precompiled user dll's ...
Registered in 0.003997 seconds.
Begin MonoManager ReloadAssembly
Native extension for WindowsStandalone target not found
Refreshing native plugins compatible for Editor in 0.55 ms, found 4 plugins.
Preloading 0 native plugins for Editor in 0.00 ms.
Invoked RoslynAnalysisRunner static constructor.
RoslynAnalysisRunner will not be running.
RoslynAnalysisRunner has terminated.
Mono: successfully reloaded assembly
- Completed reload, in  1.027 seconds
Platform modules already initialized, skipping
Refreshing native plugins compatible for Editor in 0.62 ms, found 4 plugins.
Preloading 0 native plugins for Editor in 0.00 ms.
Unloading 1717 Unused Serialized files (Serialized files now loaded: 0)
System memory in use before: 80.7 MB.
System memory in use after: 80.8 MB.

Unloading 14 unused Assets to reduce memory usage. Loaded Objects now: 2267.
Total: 2.197000 ms (FindLiveObjects: 0.239400 ms CreateObjectMapping: 0.080800 ms MarkObjects: 1.815500 ms  DeleteObjects: 0.060100 ms)

========================================================================
Received Prepare
Registering precompiled user dll's ...
Registered in 0.003737 seconds.
Begin MonoManager ReloadAssembly
Native extension for WindowsStandalone target not found
Refreshing native plugins compatible for Editor in 0.47 ms, found 4 plugins.
Preloading 0 native plugins for Editor in 0.00 ms.
Invoked RoslynAnalysisRunner static constructor.
RoslynAnalysisRunner will not be running.
RoslynAnalysisRunner has terminated.
Mono: successfully reloaded assembly
- Completed reload, in  1.124 seconds
Platform modules already initialized, skipping
Refreshing native plugins compatible for Editor in 0.55 ms, found 4 plugins.
Preloading 0 native plugins for Editor in 0.00 ms.
Unloading 1717 Unused Serialized files (Serialized files now loaded: 0)
System memory in use before: 80.6 MB.
System memory in use after: 80.7 MB.

Unloading 14 unused Assets to reduce memory usage. Loaded Objects now: 2271.
Total: 2.059700 ms (FindLiveObjects: 0.235700 ms CreateObjectMapping: 0.086600 ms MarkObjects: 1.672400 ms  DeleteObjects: 0.063500 ms)

========================================================================
Received Import Request.
  Time since last request: 423.557141 seconds.
  path: Assets/SenseGlove/Scripts/Tracking/SG_StopFingers.cs
  artifactKey: Guid(59a1d7de554e9bd4dbe7a181244cf84a) Importer(815301076,1909f56bfc062723c751e8b465ee728b)
Start importing Assets/SenseGlove/Scripts/Tracking/SG_StopFingers.cs using Guid(59a1d7de554e9bd4dbe7a181244cf84a) Importer(815301076,1909f56bfc062723c751e8b465ee728b)  -> (artifact id: '0244a96e3919ee01866076fbb54d04f2') in 0.007661 seconds
  Import took 0.010929 seconds .

========================================================================
Received Prepare
Registering precompiled user dll's ...
Registered in 0.003811 seconds.
Begin MonoManager ReloadAssembly
Native extension for WindowsStandalone target not found
Refreshing native plugins compatible for Editor in 0.46 ms, found 4 plugins.
Preloading 0 native plugins for Editor in 0.00 ms.
Invoked RoslynAnalysisRunner static constructor.
RoslynAnalysisRunner will not be running.
RoslynAnalysisRunner has terminated.
Mono: successfully reloaded assembly
- Completed reload, in  0.999 seconds
Platform modules already initialized, skipping
Refreshing native plugins compatible for Editor in 0.50 ms, found 4 plugins.
Preloading 0 native plugins for Editor in 0.00 ms.
Unloading 1717 Unused Serialized files (Serialized files now loaded: 0)
System memory in use before: 80.5 MB.
System memory in use after: 80.5 MB.

Unloading 14 unused Assets to reduce memory usage. Loaded Objects now: 2275.
Total: 2.091900 ms (FindLiveObjects: 0.227800 ms CreateObjectMapping: 0.081700 ms MarkObjects: 1.722600 ms  DeleteObjects: 0.058400 ms)

========================================================================
Received Prepare
Registering precompiled user dll's ...
Registered in 0.003549 seconds.
Begin MonoManager ReloadAssembly
Native extension for WindowsStandalone target not found
Refreshing native plugins compatible for Editor in 0.43 ms, found 4 plugins.
Preloading 0 native plugins for Editor in 0.00 ms.
Invoked RoslynAnalysisRunner static constructor.
RoslynAnalysisRunner will not be running.
RoslynAnalysisRunner has terminated.
Mono: successfully reloaded assembly
- Completed reload, in  0.899 seconds
Platform modules already initialized, skipping
Refreshing native plugins compatible for Editor in 0.45 ms, found 4 plugins.
Preloading 0 native plugins for Editor in 0.00 ms.
Unloading 1717 Unused Serialized files (Serialized files now loaded: 0)
System memory in use before: 80.6 MB.
System memory in use after: 80.7 MB.

Unloading 14 unused Assets to reduce memory usage. Loaded Objects now: 2279.
Total: 1.749400 ms (FindLiveObjects: 0.186200 ms CreateObjectMapping: 0.078700 ms MarkObjects: 1.428400 ms  DeleteObjects: 0.054600 ms)

AssetImportWorkerClient::OnTransportError - code=2 error=End of file
